This is pdfTeX, Version 3.14159265-2.6-1.40.19 (TeX Live 2018) (preloaded format=pdflatex 2018.6.27)  11 JUL 2018 14:52
entering extended mode
 restricted \write18 enabled.
 file:line:error style messages enabled.
 %&-line parsing enabled.
**corks_two.tex
(./corks_two.tex
LaTeX2e <2018-04-01> patch level 2
Babel <3.18> and hyphenation patterns for 84 language(s) loaded.
(./aa.cls
Document Class: aa 2016/09/01{} v9.1{} Class for AA journal
(/usr/local/texlive/2018/texmf-dist/tex/latex/base/article.cls
Document Class: article 2014/09/29 v1.4h Standard LaTeX document class
(/usr/local/texlive/2018/texmf-dist/tex/latex/base/fleqn.clo
File: fleqn.clo 2016/12/29 v1.2a Standard LaTeX option (flush left equations)
\mathindent=\dimen102
Applying: [2015/01/01] Make \[ robust on input line 50.
LaTeX Info: Redefining \[ on input line 51.
Already applied: [0000/00/00] Make \[ robust on input line 62.
Applying: [2015/01/01] Make \] robust on input line 74.
LaTeX Info: Redefining \] on input line 75.
Already applied: [0000/00/00] Make \] robust on input line 83.
)
(/usr/local/texlive/2018/texmf-dist/tex/latex/base/size10.clo
File: size10.clo 2014/09/29 v1.4h Standard LaTeX file (size option)
)
\c@part=\count80
\c@section=\count81
\c@subsection=\count82
\c@subsubsection=\count83
\c@paragraph=\count84
\c@subparagraph=\count85
\c@figure=\count86
\c@table=\count87
\abovecaptionskip=\skip41
\belowcaptionskip=\skip42
\bibindent=\dimen103
)
\aa@fullwidth=\skip43
\aa@fullheight=\skip44

(/usr/local/texlive/2018/texmf-dist/tex/latex/tools/calc.sty
Package: calc 2017/05/25 v4.3 Infix arithmetic (KKT,FJ)
\calc@Acount=\count88
\calc@Bcount=\count89
\calc@Adimen=\dimen104
\calc@Bdimen=\dimen105
\calc@Askip=\skip45
\calc@Bskip=\skip46
LaTeX Info: Redefining \setlength on input line 80.
LaTeX Info: Redefining \addtolength on input line 81.
\calc@Ccount=\count90
\calc@Cskip=\skip47
)
(/usr/local/texlive/2018/texmf-dist/tex/latex/etex-pkg/etex.sty
Package: etex 2016/08/01 v2.7 eTeX basic definition package (PEB,DPC)
\et@xins=\count91
)
(/usr/local/texlive/2018/texmf-dist/tex/latex/base/fontenc.sty
Package: fontenc 2017/04/05 v2.0i Standard LaTeX package

(/usr/local/texlive/2018/texmf-dist/tex/latex/base/t1enc.def
File: t1enc.def 2017/04/05 v2.0i Standard LaTeX file
LaTeX Font Info:    Redeclaring font encoding T1 on input line 48.
))
(/usr/local/texlive/2018/texmf-dist/tex/latex/base/inputenc.sty
Package: inputenc 2018/04/06 v1.3b Input encoding file
\inpenc@prehook=\toks14
\inpenc@posthook=\toks15
)
(/usr/local/texlive/2018/texmf-dist/tex/latex/geometry/geometry.sty
Package: geometry 2018/03/24 v5.7 Page Geometry

(/usr/local/texlive/2018/texmf-dist/tex/latex/graphics/keyval.sty
Package: keyval 2014/10/28 v1.15 key=value parser (DPC)
\KV@toks@=\toks16
)
(/usr/local/texlive/2018/texmf-dist/tex/generic/oberdiek/ifpdf.sty
Package: ifpdf 2017/03/15 v3.2 Provides the ifpdf switch
)
(/usr/local/texlive/2018/texmf-dist/tex/generic/oberdiek/ifvtex.sty
Package: ifvtex 2016/05/16 v1.6 Detect VTeX and its facilities (HO)
Package ifvtex Info: VTeX not detected.
)
(/usr/local/texlive/2018/texmf-dist/tex/generic/ifxetex/ifxetex.sty
Package: ifxetex 2010/09/12 v0.6 Provides ifxetex conditional
)
\Gm@cnth=\count92
\Gm@cntv=\count93
\c@Gm@tempcnt=\count94
\Gm@bindingoffset=\dimen106
\Gm@wd@mp=\dimen107
\Gm@odd@mp=\dimen108
\Gm@even@mp=\dimen109
\Gm@layoutwidth=\dimen110
\Gm@layoutheight=\dimen111
\Gm@layouthoffset=\dimen112
\Gm@layoutvoffset=\dimen113
\Gm@dimlist=\toks17
)
(/usr/local/texlive/2018/texmf-dist/tex/latex/setspace/setspace.sty
Package: setspace 2011/12/19 v6.7a set line spacing
)
(/usr/local/texlive/2018/texmf-dist/tex/latex/fancyhdr/fancyhdr.sty
Package: fancyhdr 2017/06/30 v3.9a Extensive control of page headers and footer
s
\f@nch@headwidth=\skip48
\f@nch@O@elh=\skip49
\f@nch@O@erh=\skip50
\f@nch@O@olh=\skip51
\f@nch@O@orh=\skip52
\f@nch@O@elf=\skip53
\f@nch@O@erf=\skip54
\f@nch@O@olf=\skip55
\f@nch@O@orf=\skip56
)
(/usr/local/texlive/2018/texmf-dist/tex/latex/sttools/cuted.sty
Package: cuted 2012/10/04 v1.5 Mixing onecolumn and twocolumn modes
\At@ViperColsBreak=\toks18
\v@aaa=\box26
\v@ccc=\box27
\lastskip@a=\skip57
\lastskip@b=\skip58
\lastskip@d=\skip59
\lastbox@a=\box28
\stripsep=\skip60
\@viper=\box29
\viper@penalty=\count95
\hold@viper=\box30
\ht@viper=\dimen114
)
(/usr/local/texlive/2018/texmf-dist/tex/latex/amsmath/amsmath.sty
Package: amsmath 2017/09/02 v2.17a AMS math features
\@mathmargin=\skip61

For additional information on amsmath, use the `?' option.
(/usr/local/texlive/2018/texmf-dist/tex/latex/amsmath/amstext.sty
Package: amstext 2000/06/29 v2.01 AMS text

(/usr/local/texlive/2018/texmf-dist/tex/latex/amsmath/amsgen.sty
File: amsgen.sty 1999/11/30 v2.0 generic functions
\@emptytoks=\toks19
\ex@=\dimen115
))
(/usr/local/texlive/2018/texmf-dist/tex/latex/amsmath/amsbsy.sty
Package: amsbsy 1999/11/29 v1.2d Bold Symbols
\pmbraise@=\dimen116
)
(/usr/local/texlive/2018/texmf-dist/tex/latex/amsmath/amsopn.sty
Package: amsopn 2016/03/08 v2.02 operator names
)
\inf@bad=\count96
LaTeX Info: Redefining \frac on input line 213.
\uproot@=\count97
\leftroot@=\count98
LaTeX Info: Redefining \overline on input line 375.
\classnum@=\count99
\DOTSCASE@=\count100
LaTeX Info: Redefining \ldots on input line 472.
LaTeX Info: Redefining \dots on input line 475.
LaTeX Info: Redefining \cdots on input line 596.
\Mathstrutbox@=\box31
\strutbox@=\box32
\big@size=\dimen117
LaTeX Font Info:    Redeclaring font encoding OML on input line 712.
LaTeX Font Info:    Redeclaring font encoding OMS on input line 713.
\macc@depth=\count101
\c@MaxMatrixCols=\count102
\dotsspace@=\muskip10
\c@parentequation=\count103
\dspbrk@lvl=\count104
\tag@help=\toks20
\row@=\count105
\column@=\count106
\maxfields@=\count107
\andhelp@=\toks21
\eqnshift@=\dimen118
\alignsep@=\dimen119
\tagshift@=\dimen120
\tagwidth@=\dimen121
\totwidth@=\dimen122
\lineht@=\dimen123
\@envbody=\toks22
\multlinegap=\skip62
\multlinetaggap=\skip63
\mathdisplay@stack=\toks23
LaTeX Info: Redefining \[ on input line 2817.
LaTeX Info: Redefining \] on input line 2818.
)
(/usr/local/texlive/2018/texmf-dist/tex/latex/amsfonts/amssymb.sty
Package: amssymb 2013/01/14 v3.01 AMS font symbols

(/usr/local/texlive/2018/texmf-dist/tex/latex/amsfonts/amsfonts.sty
Package: amsfonts 2013/01/14 v3.01 Basic AMSFonts support
\symAMSa=\mathgroup4
\symAMSb=\mathgroup5
LaTeX Font Info:    Overwriting math alphabet `\mathfrak' in version `bold'
(Font)                  U/euf/m/n --> U/euf/b/n on input line 106.
))
(/usr/local/texlive/2018/texmf-dist/tex/latex/url/url.sty
\Urlmuskip=\muskip11
Package: url 2013/09/16  ver 3.4  Verb mode for urls, etc.
)
(/usr/local/texlive/2018/texmf-dist/tex/latex/tools/enumerate.sty
Package: enumerate 2015/07/23 v3.00 enumerate extensions (DPC)
\@enLab=\toks24
)
(/usr/local/texlive/2018/texmf-dist/tex/latex/tools/longtable.sty
Package: longtable 2014/10/28 v4.11 Multi-page Table package (DPC)
\LTleft=\skip64
\LTright=\skip65
\LTpre=\skip66
\LTpost=\skip67
\LTchunksize=\count108
\LTcapwidth=\dimen124
\LT@head=\box33
\LT@firsthead=\box34
\LT@foot=\box35
\LT@lastfoot=\box36
\LT@cols=\count109
\LT@rows=\count110
\c@LT@tables=\count111
\c@LT@chunks=\count112
\LT@p@ftn=\toks25
)
(/usr/local/texlive/2018/texmf-dist/tex/latex/natbib/natbib.sty
Package: natbib 2010/09/13 8.31b (PWD, AO)
\bibhang=\skip68
\bibsep=\skip69
LaTeX Info: Redefining \cite on input line 694.
\c@NAT@ctr=\count113
)
(/usr/local/texlive/2018/texmf-dist/tex/latex/tools/xspace.sty
Package: xspace 2014/10/28 v1.13 Space after command names (DPC,MH)
)
(/usr/local/texlive/2018/texmf-dist/tex/generic/babel/babel.sty
Package: babel 2018/02/14 3.18 The Babel package

(/usr/local/texlive/2018/texmf-dist/tex/generic/babel/switch.def
File: switch.def 2018/02/14 3.18 Babel switching mechanism
)
(/usr/local/texlive/2018/texmf-dist/tex/generic/babel-english/english.ldf
Language: english 2017/06/06 v3.3r English support from the babel system

(/usr/local/texlive/2018/texmf-dist/tex/generic/babel/babel.def
File: babel.def 2018/02/14 3.18 Babel common definitions
\babel@savecnt=\count114
\U@D=\dimen125

(/usr/local/texlive/2018/texmf-dist/tex/generic/babel/txtbabel.def)
\bbl@dirlevel=\count115
)
\l@canadian = a dialect from \language\l@american 
\l@australian = a dialect from \language\l@british 
\l@newzealand = a dialect from \language\l@british 
))
(/usr/local/texlive/2018/texmf-dist/tex/latex/graphics/rotating.sty
Package: rotating 2016/08/11 v2.16d rotated objects in LaTeX

(/usr/local/texlive/2018/texmf-dist/tex/latex/graphics/graphicx.sty
Package: graphicx 2017/06/01 v1.1a Enhanced LaTeX Graphics (DPC,SPQR)

(/usr/local/texlive/2018/texmf-dist/tex/latex/graphics/graphics.sty
Package: graphics 2017/06/25 v1.2c Standard LaTeX Graphics (DPC,SPQR)

(/usr/local/texlive/2018/texmf-dist/tex/latex/graphics/trig.sty
Package: trig 2016/01/03 v1.10 sin cos tan (DPC)
)
(/usr/local/texlive/2018/texmf-dist/tex/latex/graphics-cfg/graphics.cfg
File: graphics.cfg 2016/06/04 v1.11 sample graphics configuration
)
Package graphics Info: Driver file: pdftex.def on input line 99.

(/usr/local/texlive/2018/texmf-dist/tex/latex/graphics-def/pdftex.def
File: pdftex.def 2018/01/08 v1.0l Graphics/color driver for pdftex
))
\Gin@req@height=\dimen126
\Gin@req@width=\dimen127
)
(/usr/local/texlive/2018/texmf-dist/tex/latex/base/ifthen.sty
Package: ifthen 2014/09/29 v1.1c Standard LaTeX ifthen package (DPC)
)
\c@r@tfl@t=\count116
\rotFPtop=\skip70
\rotFPbot=\skip71
\rot@float@box=\box37
\rot@mess@toks=\toks26
)
\aa@cnta=\count117
\aa@cntb=\count118
\aa@nbwords=\count119
\aa@nbauthors=\count120
\aa@nbinstitutes=\count121
\c@aa@institutecnt=\count122
\aa@savecounter=\count123
\aa@dima=\skip72
\aa@dimb=\skip73
\aa@dimc=\skip74
\VSpaceBeforeTheorem=\skip75
\VSpaceAfterTheorem=\skip76
\HSpaceIndentTheorem=\skip77
\HVSpaceSepTheorem=\skip78
\aa@securityheadmargin=\skip79
\aa@bleedmargin=\skip80
\aa@voffsetlettername=\skip81
\aa@hoffsetlettername=\skip82
\aa@hoffsetgray=\skip83
\aa@aftercontentsnameskip=\skip84
\aa@aftercontentsAutnameskip=\skip85
\aa@beforeheadboxskip=\skip86
\aa@afterheadboxskip=\skip87
\aa@beforetopicsskip=\skip88
\aa@aftertopicsskip=\skip89
\aa@afterletternameskip=\skip90
\aa@beforeletternameskip=\skip91
\aa@beforeheadnoteskip=\skip92
\aa@afterheadnoteskip=\skip93
\aa@aftertitleskip=\skip94
\aa@beforesubtitleskip=\skip95
\aa@aftersubtitleskip=\skip96
\aa@afterauthorskip=\skip97
\aa@beforedefaultheadnoteskip=\skip98
\aa@headingleftmargin=\skip99
\aa@headingrightmargin=\skip100
\aa@afterinstituteskip=\skip101
\aa@instituteindent=\skip102
\aa@afterdateskip=\skip103
\aa@afterdedicationskip=\skip104
\aa@afterabstractnameskip=\skip105
\aa@afterabstractskip=\skip106
\aa@aftersubabstractskip=\skip107
\aa@afterkeywordsskip=\skip108
\aa@beforeacknowledgementsskip=\skip109
\aa@afteracknowledgementsskip=\skip110
\aa@figgap=\skip111
\aa@sidecaptionminwidth=\skip112
\aa@sidecaptionwidth=\skip113
\VSpaceBeforeFigCaption=\skip114
\VSpaceAfterTabCaption=\skip115
\VSpaceBeforeTabBib=\skip116
\VSpaceBeforeTabFoot=\skip117
\aftertext=\skip118
\aa@entryboxwidth=\skip119
\betweenumberspace=\skip120
\authorlink=\toks27
\yearCop=\toks28
\aa@stripbox=\box38
\aa@outputbox=\box39
\c@AAproof=\count124
\c@AAtheorem=\count125
)
(/usr/local/texlive/2018/texmf-dist/tex/latex/base/latexsym.sty
Package: latexsym 1998/08/17 v2.2e Standard LaTeX package (lasy symbols)
\symlasy=\mathgroup6
LaTeX Font Info:    Overwriting symbol font `lasy' in version `bold'
(Font)                  U/lasy/m/n --> U/lasy/b/n on input line 52.
)
(/usr/local/texlive/2018/texmf-dist/tex/latex/graphics/color.sty
Package: color 2016/07/10 v1.1e Standard LaTeX Color (DPC)

(/usr/local/texlive/2018/texmf-dist/tex/latex/graphics-cfg/color.cfg
File: color.cfg 2016/01/02 v1.6 sample color configuration
)
Package color Info: Driver file: pdftex.def on input line 147.
)
(./corks_two.aux)
\openout1 = `corks_two.aux'.

LaTeX Font Info:    Checking defaults for OML/cmm/m/it on input line 32.
LaTeX Font Info:    ... okay on input line 32.
LaTeX Font Info:    Checking defaults for T1/cmr/m/n on input line 32.
LaTeX Font Info:    ... okay on input line 32.
LaTeX Font Info:    Checking defaults for OT1/cmr/m/n on input line 32.
LaTeX Font Info:    ... okay on input line 32.
LaTeX Font Info:    Checking defaults for OMS/cmsy/m/n on input line 32.
LaTeX Font Info:    ... okay on input line 32.
LaTeX Font Info:    Checking defaults for OMX/cmex/m/n on input line 32.
LaTeX Font Info:    ... okay on input line 32.
LaTeX Font Info:    Checking defaults for U/cmr/m/n on input line 32.
LaTeX Font Info:    ... okay on input line 32.

*geometry* detected driver: pdftex
*geometry* verbose mode - [ preamble ] result:
* driver: pdftex
* paper: a4paper
* layout: <same size as paper>
* layoutoffset:(h,v)=(0.0pt,0.0pt)
* modes: twoside 
* h-part:(L,W,R)=(36.98859pt, 523.5307pt, 36.98859pt)
* v-part:(T,H,B)=(56.01874pt, 705.0pt, 84.0281pt)
* \paperwidth=597.50787pt
* \paperheight=845.04684pt
* \textwidth=523.5307pt
* \textheight=705.0pt
* \oddsidemargin=-35.2814pt
* \evensidemargin=-35.2814pt
* \topmargin=-40.25125pt
* \headheight=12.0pt
* \headsep=12.0pt
* \topskip=10.0pt
* \footskip=20.0pt
* \marginparwidth=0.0pt
* \marginparsep=0.0pt
* \columnsep=11.38109pt
* \skip\footins=9.0pt plus 4.0pt minus 2.0pt
* \hoffset=0.0pt
* \voffset=0.0pt
* \mag=1000
* \@twocolumntrue
* \@twosidetrue
* \@mparswitchtrue
* \@reversemarginfalse
* (1in=72.27pt=25.4mm, 1cm=28.453pt)

(/usr/local/texlive/2018/texmf-dist/tex/context/base/mkii/supp-pdf.mkii
[Loading MPS to PDF converter (version 2006.09.02).]
\scratchcounter=\count126
\scratchdimen=\dimen128
\scratchbox=\box40
\nofMPsegments=\count127
\nofMParguments=\count128
\everyMPshowfont=\toks29
\MPscratchCnt=\count129
\MPscratchDim=\dimen129
\MPnumerator=\count130
\makeMPintoPDFobject=\count131
\everyMPtoPDFconversion=\toks30
) (/usr/local/texlive/2018/texmf-dist/tex/latex/oberdiek/epstopdf-base.sty
Package: epstopdf-base 2016/05/15 v2.6 Base part for package epstopdf

(/usr/local/texlive/2018/texmf-dist/tex/generic/oberdiek/infwarerr.sty
Package: infwarerr 2016/05/16 v1.4 Providing info/warning/error messages (HO)
)
(/usr/local/texlive/2018/texmf-dist/tex/latex/oberdiek/grfext.sty
Package: grfext 2016/05/16 v1.2 Manage graphics extensions (HO)

(/usr/local/texlive/2018/texmf-dist/tex/generic/oberdiek/kvdefinekeys.sty
Package: kvdefinekeys 2016/05/16 v1.4 Define keys (HO)

(/usr/local/texlive/2018/texmf-dist/tex/generic/oberdiek/ltxcmds.sty
Package: ltxcmds 2016/05/16 v1.23 LaTeX kernel commands for general use (HO)
)))
(/usr/local/texlive/2018/texmf-dist/tex/latex/oberdiek/kvoptions.sty
Package: kvoptions 2016/05/16 v3.12 Key value format for package options (HO)

(/usr/local/texlive/2018/texmf-dist/tex/generic/oberdiek/kvsetkeys.sty
Package: kvsetkeys 2016/05/16 v1.17 Key value parser (HO)

(/usr/local/texlive/2018/texmf-dist/tex/generic/oberdiek/etexcmds.sty
Package: etexcmds 2016/05/16 v1.6 Avoid name clashes with e-TeX commands (HO)

(/usr/local/texlive/2018/texmf-dist/tex/generic/oberdiek/ifluatex.sty
Package: ifluatex 2016/05/16 v1.4 Provides the ifluatex switch (HO)
Package ifluatex Info: LuaTeX not detected.
)
Package etexcmds Info: Could not find \expanded.
(etexcmds)             That can mean that you are not using pdfTeX 1.50 or
(etexcmds)             that some package has redefined \expanded.
(etexcmds)             In the latter case, load this package earlier.
)))
(/usr/local/texlive/2018/texmf-dist/tex/generic/oberdiek/pdftexcmds.sty
Package: pdftexcmds 2018/01/30 v0.27 Utility functions of pdfTeX for LuaTeX (HO
)
Package pdftexcmds Info: LuaTeX not detected.
Package pdftexcmds Info: \pdf@primitive is available.
Package pdftexcmds Info: \pdf@ifprimitive is available.
Package pdftexcmds Info: \pdfdraftmode found.
)
Package epstopdf-base Info: Redefining graphics rule for `.eps' on input line 4
38.
Package grfext Info: Graphics extension search list:
(grfext)             [.pdf,.png,.jpg,.mps,.jpeg,.jbig2,.jb2,.PDF,.PNG,.JPG,.JPE
G,.JBIG2,.JB2,.eps]
(grfext)             \AppendGraphicsExtensions on input line 456.

(/usr/local/texlive/2018/texmf-dist/tex/latex/latexconfig/epstopdf-sys.cfg
File: epstopdf-sys.cfg 2010/07/13 v1.3 Configuration of (r)epstopdf for TeX Liv
e
))


IMPORTANT

Class aa Warning: Around 348 words in the abstract instead of 300 (max). You sh
ould rewrite your abstract on input line 87.

IMPORTANT 

LaTeX Font Info:    Try loading font information for OMS+cmr on input line 97.
(/usr/local/texlive/2018/texmf-dist/tex/latex/base/omscmr.fd
File: omscmr.fd 2014/09/29 v2.5h Standard LaTeX font definitions
)
LaTeX Font Info:    Font shape `OMS/cmr/m/n' in size <10> not available
(Font)              Font shape `OMS/cmsy/m/n' tried instead on input line 97.
LaTeX Font Info:    Try loading font information for U+msa on input line 97.

(/usr/local/texlive/2018/texmf-dist/tex/latex/amsfonts/umsa.fd
File: umsa.fd 2013/01/14 v3.01 AMS symbols A
)
LaTeX Font Info:    Try loading font information for U+msb on input line 97.

(/usr/local/texlive/2018/texmf-dist/tex/latex/amsfonts/umsb.fd
File: umsb.fd 2013/01/14 v3.01 AMS symbols B
)
LaTeX Font Info:    Try loading font information for U+lasy on input line 97.

(/usr/local/texlive/2018/texmf-dist/tex/latex/base/ulasy.fd
File: ulasy.fd 1998/08/17 v2.2e LaTeX symbol font definitions
)
LaTeX Font Info:    Try loading font information for T1+cmss on input line 97.

(/usr/local/texlive/2018/texmf-dist/tex/latex/base/t1cmss.fd
File: t1cmss.fd 2014/09/29 v2.5h Standard LaTeX font definitions
)
Underfull \hbox (badness 10000) in paragraph at lines 106--109

 []


Underfull \vbox (badness 10000) has occurred while \output is active []


Underfull \vbox (badness 10000) has occurred while \output is active []

 [1{/usr/local/texlive/2018/texmf-var/fonts/map/pdftex/updmap/pdftex.map}


]
Underfull \hbox (badness 2600) in paragraph at lines 113--117
\T1/cmr/m/n/10 mag-ne-to-hy-dro-dy-namic (3D MHD) ex-per-i-ment of the
 []


Underfull \hbox (badness 10000) in paragraph at lines 113--117

 []

LaTeX Font Info:    Font shape `U/lasy/b/n' in size <7> not available
(Font)              Font shape `U/lasy/m/n' tried instead on input line 214.
LaTeX Font Info:    Font shape `U/lasy/b/n' in size <5> not available
(Font)              Font shape `U/lasy/m/n' tried instead on input line 214.

Underfull \hbox (badness 10000) in paragraph at lines 217--218

 []

Package epstopdf Info: Source file: <figures2/xz_yz_xy_line61_385.eps>
(epstopdf)                    date: 2015-03-05 13:44:57
(epstopdf)                    size: 26908 bytes
(epstopdf)             Output file: <figures2/xz_yz_xy_line61_385-eps-converted
-to.pdf>
(epstopdf)                    date: 2018-07-09 12:04:33
(epstopdf)                    size: 20003 bytes
(epstopdf)             Command: <repstopdf --outfile=figures2/xz_yz_xy_line61_3
85-eps-converted-to.pdf figures2/xz_yz_xy_line61_385.eps>
(epstopdf)             \includegraphics on input line 221.
Package epstopdf Info: Output file is already uptodate.
<figures2/xz_yz_xy_line61_385-eps-converted-to.pdf, id=23, 511.9125pt x 141.528
75pt>
File: figures2/xz_yz_xy_line61_385-eps-converted-to.pdf Graphic file (type pdf)

<use figures2/xz_yz_xy_line61_385-eps-converted-to.pdf>
Package pdftex.def Info: figures2/xz_yz_xy_line61_385-eps-converted-to.pdf  use
d on input line 221.
(pdftex.def)             Requested size: 523.5307pt x 144.75044pt.

LaTeX Warning: `!h' float specifier changed to `!ht'.


Underfull \hbox (badness 10000) in paragraph at lines 228--230

 []

[2]
<figures2/TR_tracks_fieldlines_advection_c4_0030.pdf, id=39, 1458.44875pt x 980
.66376pt>
File: figures2/TR_tracks_fieldlines_advection_c4_0030.pdf Graphic file (type pd
f)
<use figures2/TR_tracks_fieldlines_advection_c4_0030.pdf>
Package pdftex.def Info: figures2/TR_tracks_fieldlines_advection_c4_0030.pdf  u
sed on input line 310.
(pdftex.def)             Requested size: 125.65024pt x 84.48508pt.
<figures2/TR_tracks_fieldlines_advection_c4_0060.pdf, id=40, 1458.44875pt x 980
.66376pt>
File: figures2/TR_tracks_fieldlines_advection_c4_0060.pdf Graphic file (type pd
f)
<use figures2/TR_tracks_fieldlines_advection_c4_0060.pdf>
Package pdftex.def Info: figures2/TR_tracks_fieldlines_advection_c4_0060.pdf  u
sed on input line 311.
(pdftex.def)             Requested size: 125.65024pt x 84.48508pt.
<figures2/TR_tracks_fieldlines_advection_c4_0090.pdf, id=41, 1458.44875pt x 980
.66376pt>
File: figures2/TR_tracks_fieldlines_advection_c4_0090.pdf Graphic file (type pd
f)
<use figures2/TR_tracks_fieldlines_advection_c4_0090.pdf>
Package pdftex.def Info: figures2/TR_tracks_fieldlines_advection_c4_0090.pdf  u
sed on input line 312.
(pdftex.def)             Requested size: 125.65024pt x 84.48508pt.
<figures2/TR_tracks_fieldlines_advection_c4_0120.pdf, id=42, 1458.44875pt x 980
.66376pt>
File: figures2/TR_tracks_fieldlines_advection_c4_0120.pdf Graphic file (type pd
f)
<use figures2/TR_tracks_fieldlines_advection_c4_0120.pdf>
Package pdftex.def Info: figures2/TR_tracks_fieldlines_advection_c4_0120.pdf  u
sed on input line 313.
(pdftex.def)             Requested size: 125.65024pt x 84.48508pt.
<figures2/TR_tracks_fieldlines_corks_c4_0030.pdf, id=43, 1458.44875pt x 980.663
76pt>
File: figures2/TR_tracks_fieldlines_corks_c4_0030.pdf Graphic file (type pdf)
<use figures2/TR_tracks_fieldlines_corks_c4_0030.pdf>
Package pdftex.def Info: figures2/TR_tracks_fieldlines_corks_c4_0030.pdf  used 
on input line 314.
(pdftex.def)             Requested size: 125.65024pt x 84.48508pt.
<figures2/TR_tracks_fieldlines_corks_c4_0060.pdf, id=44, 1458.44875pt x 980.663
76pt>
File: figures2/TR_tracks_fieldlines_corks_c4_0060.pdf Graphic file (type pdf)
<use figures2/TR_tracks_fieldlines_corks_c4_0060.pdf>
Package pdftex.def Info: figures2/TR_tracks_fieldlines_corks_c4_0060.pdf  used 
on input line 315.
(pdftex.def)             Requested size: 125.65024pt x 84.48508pt.
<figures2/TR_tracks_fieldlines_corks_c4_0090.pdf, id=45, 1458.44875pt x 980.663
76pt>
File: figures2/TR_tracks_fieldlines_corks_c4_0090.pdf Graphic file (type pdf)
<use figures2/TR_tracks_fieldlines_corks_c4_0090.pdf>
Package pdftex.def Info: figures2/TR_tracks_fieldlines_corks_c4_0090.pdf  used 
on input line 316.
(pdftex.def)             Requested size: 125.65024pt x 84.48508pt.
<figures2/TR_tracks_fieldlines_corks_c4_0120.pdf, id=46, 1458.44875pt x 980.663
76pt>
File: figures2/TR_tracks_fieldlines_corks_c4_0120.pdf Graphic file (type pdf)
<use figures2/TR_tracks_fieldlines_corks_c4_0120.pdf>
Package pdftex.def Info: figures2/TR_tracks_fieldlines_corks_c4_0120.pdf  used 
on input line 317.
(pdftex.def)             Requested size: 125.65024pt x 84.48508pt.


LaTeX Warning: `!h' float specifier changed to `!ht'.


Underfull \vbox (badness 1122) has occurred while \output is active []

 [3 <./figures2/xz_yz_xy_line61_385-eps-converted-to.pdf>]
<figures2/lines_with_logTcol_o6emiss_zoom_0000.pdf, id=58, 600.2425pt x 702.625
pt>
File: figures2/lines_with_logTcol_o6emiss_zoom_0000.pdf Graphic file (type pdf)

<use figures2/lines_with_logTcol_o6emiss_zoom_0000.pdf>
Package pdftex.def Info: figures2/lines_with_logTcol_o6emiss_zoom_0000.pdf  use
d on input line 370.
(pdftex.def)             Requested size: 163.8864pt x 191.83408pt.
<figures2/lowlines_low_and_c4emiss_coaligned_side3_black.pdf, id=59, 1458.44875
pt x 1113.15875pt>
File: figures2/lowlines_low_and_c4emiss_coaligned_side3_black.pdf Graphic file 
(type pdf)
<use figures2/lowlines_low_and_c4emiss_coaligned_side3_black.pdf>
Package pdftex.def Info: figures2/lowlines_low_and_c4emiss_coaligned_side3_blac
k.pdf  used on input line 370.
(pdftex.def)             Requested size: 163.8864pt x 125.08058pt.


LaTeX Warning: `!h' float specifier changed to `!ht'.


LaTeX Warning: No positions in optional float specifier.
               Default added (so using `tbp') on input line 380.

Package epstopdf Info: Source file: <figures2/line_61.eps>
(epstopdf)                    date: 2017-11-06 17:49:47
(epstopdf)                    size: 5033572 bytes
(epstopdf)             Output file: <figures2/line_61-eps-converted-to.pdf>
(epstopdf)                    date: 2017-11-06 17:50:51
(epstopdf)                    size: 1951272 bytes
(epstopdf)             Command: <repstopdf --outfile=figures2/line_61-eps-conve
rted-to.pdf figures2/line_61.eps>
(epstopdf)             \includegraphics on input line 382.
Package epstopdf Info: Output file is already uptodate.
<figures2/line_61-eps-converted-to.pdf, id=60, 625.33624pt x 682.55pt>
File: figures2/line_61-eps-converted-to.pdf Graphic file (type pdf)
<use figures2/line_61-eps-converted-to.pdf>
Package pdftex.def Info: figures2/line_61-eps-converted-to.pdf  used on input l
ine 382.
(pdftex.def)             Requested size: 523.5307pt x 571.4426pt.

LaTeX Warning: Reference `fig_line488' on page 4 undefined on input line 410.


LaTeX Warning: Reference `fig_xyz_lowloops' on page 4 undefined on input line 4
11.


LaTeX Warning: Reference `fig_xyz_lowloops' on page 4 undefined on input line 4
11.


LaTeX Warning: Reference `fig_line488' on page 4 undefined on input line 411.


Underfull \vbox (badness 10000) has occurred while \output is active []

 [4 <./figures2/TR_tracks_fieldlines_advection_c4_0030.pdf> <./figures2/TR_trac
ks_fieldlines_advection_c4_0060.pdf

pdfTeX warning: /Library/TeX/texbin/pdflatex (file ./figures2/TR_tracks_fieldli
nes_advection_c4_0060.pdf): PDF inclusion: multiple pdfs with page group includ
ed in a single page
> <./figures2/TR_tracks_fieldlines_advection_c4_0090.pdf

pdfTeX warning: /Library/TeX/texbin/pdflatex (file ./figures2/TR_tracks_fieldli
nes_advection_c4_0090.pdf): PDF inclusion: multiple pdfs with page group includ
ed in a single page
> <./figures2/TR_tracks_fieldlines_advection_c4_0120.pdf

pdfTeX warning: /Library/TeX/texbin/pdflatex (file ./figures2/TR_tracks_fieldli
nes_advection_c4_0120.pdf): PDF inclusion: multiple pdfs with page group includ
ed in a single page
> <./figures2/TR_tracks_fieldlines_corks_c4_0030.pdf

pdfTeX warning: /Library/TeX/texbin/pdflatex (file ./figures2/TR_tracks_fieldli
nes_corks_c4_0030.pdf): PDF inclusion: multiple pdfs with page group included i
n a single page
> <./figures2/TR_tracks_fieldlines_corks_c4_0060.pdf

pdfTeX warning: /Library/TeX/texbin/pdflatex (file ./figures2/TR_tracks_fieldli
nes_corks_c4_0060.pdf): PDF inclusion: multiple pdfs with page group included i
n a single page
> <./figures2/TR_tracks_fieldlines_corks_c4_0090.pdf

pdfTeX warning: /Library/TeX/texbin/pdflatex (file ./figures2/TR_tracks_fieldli
nes_corks_c4_0090.pdf): PDF inclusion: multiple pdfs with page group included i
n a single page
> <./figures2/TR_tracks_fieldlines_corks_c4_0120.pdf

pdfTeX warning: /Library/TeX/texbin/pdflatex (file ./figures2/TR_tracks_fieldli
nes_corks_c4_0120.pdf): PDF inclusion: multiple pdfs with page group included i
n a single page
>]

LaTeX Warning: Reference `fig_xyz_lowloops' on page 5 undefined on input line 4
27.


Underfull \hbox (badness 1259) in paragraph at lines 424--431
[]\T1/cmr/m/n/10 The sec-ond ex-am-ple (Fig. 6[]) shows a rather hot
 []


LaTeX Warning: Reference `fig_line488' on page 5 undefined on input line 441.

Package epstopdf Info: Source file: <figures2/stmaps_line_488.eps>
(epstopdf)                    date: 2017-11-13 11:39:19
(epstopdf)                    size: 3929166 bytes
(epstopdf)             Output file: <figures2/stmaps_line_488-eps-converted-to.
pdf>
(epstopdf)                    date: 2017-11-13 11:40:18
(epstopdf)                    size: 1295101 bytes
(epstopdf)             Command: <repstopdf --outfile=figures2/stmaps_line_488-e
ps-converted-to.pdf figures2/stmaps_line_488.eps>
(epstopdf)             \includegraphics on input line 472.
Package epstopdf Info: Output file is already uptodate.
<figures2/stmaps_line_488-eps-converted-to.pdf, id=113, 625.33624pt x 682.55pt>

File: figures2/stmaps_line_488-eps-converted-to.pdf Graphic file (type pdf)
<use figures2/stmaps_line_488-eps-converted-to.pdf>
Package pdftex.def Info: figures2/stmaps_line_488-eps-converted-to.pdf  used on
 input line 472.
(pdftex.def)             Requested size: 523.5307pt x 571.4426pt.

LaTeX Warning: `!h' float specifier changed to `!ht'.

Package epstopdf Info: Source file: <figures2/stmaps_line_005.eps>
(epstopdf)                    date: 2017-11-13 11:39:13
(epstopdf)                    size: 3659347 bytes
(epstopdf)             Output file: <figures2/stmaps_line_005-eps-converted-to.
pdf>
(epstopdf)                    date: 2017-11-13 11:40:20
(epstopdf)                    size: 1105204 bytes
(epstopdf)             Command: <repstopdf --outfile=figures2/stmaps_line_005-e
ps-converted-to.pdf figures2/stmaps_line_005.eps>
(epstopdf)             \includegraphics on input line 479.
Package epstopdf Info: Output file is already uptodate.
<figures2/stmaps_line_005-eps-converted-to.pdf, id=114, 625.33624pt x 682.55pt>

File: figures2/stmaps_line_005-eps-converted-to.pdf Graphic file (type pdf)
<use figures2/stmaps_line_005-eps-converted-to.pdf>
Package pdftex.def Info: figures2/stmaps_line_005-eps-converted-to.pdf  used on
 input line 479.
(pdftex.def)             Requested size: 523.5307pt x 571.4426pt.

LaTeX Warning: `!h' float specifier changed to `!ht'.

<figures2/subset_logT_66.pdf, id=115, 602.25pt x 1004.75375pt>
File: figures2/subset_logT_66.pdf Graphic file (type pdf)
<use figures2/subset_logT_66.pdf>
Package pdftex.def Info: figures2/subset_logT_66.pdf  used on input line 551.
(pdftex.def)             Requested size: 64.87311pt x 108.22356pt.
<figures2/subset_logT_68.pdf, id=116, 602.25pt x 1004.75375pt>
File: figures2/subset_logT_68.pdf Graphic file (type pdf)
<use figures2/subset_logT_68.pdf>
Package pdftex.def Info: figures2/subset_logT_68.pdf  used on input line 551.
(pdftex.def)             Requested size: 64.87311pt x 108.22356pt.
<figures2/subset_logT_70.pdf, id=117, 602.25pt x 1004.75375pt>
File: figures2/subset_logT_70.pdf Graphic file (type pdf)
<use figures2/subset_logT_70.pdf>
Package pdftex.def Info: figures2/subset_logT_70.pdf  used on input line 551.
(pdftex.def)             Requested size: 64.87311pt x 108.22356pt.
<figures2/subset_logT_72.pdf, id=118, 602.25pt x 1004.75375pt>
File: figures2/subset_logT_72.pdf Graphic file (type pdf)
<use figures2/subset_logT_72.pdf>
Package pdftex.def Info: figures2/subset_logT_72.pdf  used on input line 551.
(pdftex.def)             Requested size: 64.87311pt x 108.22356pt.
<figures2/subset_logT_74.pdf, id=119, 602.25pt x 1004.75375pt>
File: figures2/subset_logT_74.pdf Graphic file (type pdf)
<use figures2/subset_logT_74.pdf>
Package pdftex.def Info: figures2/subset_logT_74.pdf  used on input line 551.
(pdftex.def)             Requested size: 64.87311pt x 108.22356pt.
<figures2/subset_logT_76.pdf, id=120, 602.25pt x 1004.75375pt>
File: figures2/subset_logT_76.pdf Graphic file (type pdf)
<use figures2/subset_logT_76.pdf>
Package pdftex.def Info: figures2/subset_logT_76.pdf  used on input line 551.
(pdftex.def)             Requested size: 64.87311pt x 108.22356pt.
<figures2/subset_logT_78.pdf, id=121, 602.25pt x 1004.75375pt>
File: figures2/subset_logT_78.pdf Graphic file (type pdf)
<use figures2/subset_logT_78.pdf>
Package pdftex.def Info: figures2/subset_logT_78.pdf  used on input line 551.
(pdftex.def)             Requested size: 64.87311pt x 108.22356pt.
<figures2/subset_logT_80.pdf, id=122, 602.25pt x 1004.75375pt>
File: figures2/subset_logT_80.pdf Graphic file (type pdf)
<use figures2/subset_logT_80.pdf>
Package pdftex.def Info: figures2/subset_logT_80.pdf  used on input line 551.
(pdftex.def)             Requested size: 64.87311pt x 108.22356pt.
<figures2/subset_logT_82.pdf, id=123, 602.25pt x 1004.75375pt>
File: figures2/subset_logT_82.pdf Graphic file (type pdf)
<use figures2/subset_logT_82.pdf>
Package pdftex.def Info: figures2/subset_logT_82.pdf  used on input line 551.
(pdftex.def)             Requested size: 64.87311pt x 108.22356pt.
<figures2/subset_logT_84.pdf, id=124, 602.25pt x 1004.75375pt>
File: figures2/subset_logT_84.pdf Graphic file (type pdf)
<use figures2/subset_logT_84.pdf>
Package pdftex.def Info: figures2/subset_logT_84.pdf  used on input line 551.
(pdftex.def)             Requested size: 64.87311pt x 108.22356pt.

LaTeX Warning: `!h' float specifier changed to `!ht'.

Package epstopdf Info: Source file: <figures2/line_subset_009.eps>
(epstopdf)                    date: 2017-11-22 15:18:51
(epstopdf)                    size: 4645847 bytes
(epstopdf)             Output file: <figures2/line_subset_009-eps-converted-to.
pdf>
(epstopdf)                    date: 2017-11-22 15:19:44
(epstopdf)                    size: 1742266 bytes
(epstopdf)             Command: <repstopdf --outfile=figures2/line_subset_009-e
ps-converted-to.pdf figures2/line_subset_009.eps>
(epstopdf)             \includegraphics on input line 591.
Package epstopdf Info: Output file is already uptodate.
<figures2/line_subset_009-eps-converted-to.pdf, id=125, 625.33624pt x 682.55pt>

File: figures2/line_subset_009-eps-converted-to.pdf Graphic file (type pdf)
<use figures2/line_subset_009-eps-converted-to.pdf>
Package pdftex.def Info: figures2/line_subset_009-eps-converted-to.pdf  used on
 input line 591.
(pdftex.def)             Requested size: 523.5307pt x 571.4426pt.

LaTeX Warning: `!h' float specifier changed to `!ht'.

Package epstopdf Info: Source file: <figures2/cool_ejection_forces.eps>
(epstopdf)                    date: 2018-03-02 15:51:23
(epstopdf)                    size: 57834 bytes
(epstopdf)             Output file: <figures2/cool_ejection_forces-eps-converte
d-to.pdf>
(epstopdf)                    date: 2018-03-02 15:54:11
(epstopdf)                    size: 30800 bytes
(epstopdf)             Command: <repstopdf --outfile=figures2/cool_ejection_for
ces-eps-converted-to.pdf figures2/cool_ejection_forces.eps>
(epstopdf)             \includegraphics on input line 601.
Package epstopdf Info: Output file is already uptodate.
<figures2/cool_ejection_forces-eps-converted-to.pdf, id=126, 505.89pt x 426.593
75pt>
File: figures2/cool_ejection_forces-eps-converted-to.pdf Graphic file (type pdf
)
<use figures2/cool_ejection_forces-eps-converted-to.pdf>
Package pdftex.def Info: figures2/cool_ejection_forces-eps-converted-to.pdf  us
ed on input line 601.
(pdftex.def)             Requested size: 341.43306pt x 287.91882pt.

LaTeX Warning: `!h' float specifier changed to `!ht'.


Underfull \vbox (badness 10000) has occurred while \output is active []

 [5 <./figures2/lines_with_logTcol_o6emiss_zoom_0000.pdf> <./figures2/lowlines_
low_and_c4emiss_coaligned_side3_black.pdf

pdfTeX warning: /Library/TeX/texbin/pdflatex (file ./figures2/lowlines_low_and_
c4emiss_coaligned_side3_black.pdf): PDF inclusion: multiple pdfs with page grou
p included in a single page
>] [6 <./figures2/line_61-eps-converted-to.pdf>]
Underfull \vbox (badness 10000) has occurred while \output is active []


Underfull \vbox (badness 2205) has occurred while \output is active []

 [7 <./figures2/stmaps_line_488-eps-converted-to.pdf>]
Underfull \vbox (badness 2205) has occurred while \output is active []


Underfull \vbox (badness 2205) has occurred while \output is active []

 [8 <./figures2/stmaps_line_005-eps-converted-to.pdf>]
Underfull \hbox (badness 2591) in paragraph at lines 874--882
\T1/cmr/m/n/10 to counter-propagating waves and tur-bu-lence in the
 []


Underfull \hbox (badness 10000) in paragraph at lines 874--882

 []

(./corks_two.bbl) [9 <./figures2/subset_logT_66.pdf> <./figures2/subset_logT_68
.pdf

pdfTeX warning: /Library/TeX/texbin/pdflatex (file ./figures2/subset_logT_68.pd
f): PDF inclusion: multiple pdfs with page group included in a single page
> <./figures2/subset_logT_70.pdf

pdfTeX warning: /Library/TeX/texbin/pdflatex (file ./figures2/subset_logT_70.pd
f): PDF inclusion: multiple pdfs with page group included in a single page
> <./figures2/subset_logT_72.pdf

pdfTeX warning: /Library/TeX/texbin/pdflatex (file ./figures2/subset_logT_72.pd
f): PDF inclusion: multiple pdfs with page group included in a single page
> <./figures2/subset_logT_74.pdf

pdfTeX warning: /Library/TeX/texbin/pdflatex (file ./figures2/subset_logT_74.pd
f): PDF inclusion: multiple pdfs with page group included in a single page
> <./figures2/subset_logT_76.pdf

pdfTeX warning: /Library/TeX/texbin/pdflatex (file ./figures2/subset_logT_76.pd
f): PDF inclusion: multiple pdfs with page group included in a single page
> <./figures2/subset_logT_78.pdf

pdfTeX warning: /Library/TeX/texbin/pdflatex (file ./figures2/subset_logT_78.pd
f): PDF inclusion: multiple pdfs with page group included in a single page
> <./figures2/subset_logT_80.pdf

pdfTeX warning: /Library/TeX/texbin/pdflatex (file ./figures2/subset_logT_80.pd
f): PDF inclusion: multiple pdfs with page group included in a single page
> <./figures2/subset_logT_82.pdf

pdfTeX warning: /Library/TeX/texbin/pdflatex (file ./figures2/subset_logT_82.pd
f): PDF inclusion: multiple pdfs with page group included in a single page
> <./figures2/subset_logT_84.pdf

pdfTeX warning: /Library/TeX/texbin/pdflatex (file ./figures2/subset_logT_84.pd
f): PDF inclusion: multiple pdfs with page group included in a single page
>] [10 <./figures2/line_subset_009-eps-converted-to.pdf>] [11 <./figures2/cool_
ejection_forces-eps-converted-to.pdf>] (./corks_two.aux)

LaTeX Warning: There were undefined references.

 )
(\end occurred inside a group at level 1)

### simple group (level 1) entered at line 300 ({)
### bottom level 
Here is how much of TeX's memory you used:
 5597 strings out of 492649
 79491 string characters out of 6129622
 176429 words of memory out of 5000000
 9281 multiletter control sequences out of 15000+600000
 34735 words of font info for 90 fonts, out of 8000000 for 9000
 1141 hyphenation exceptions out of 8191
 41i,11n,45p,2312b,346s stack positions out of 5000i,500n,10000p,200000b,80000s
{/usr/local/texlive/2018/texmf-dist/fonts/enc/dvips/cm-super/cm
-super-t1.enc}</usr/local/texlive/2018/texmf-dist/fonts/type1/public/amsfonts/c
m/cmbx10.pfb></usr/local/texlive/2018/texmf-dist/fonts/type1/public/amsfonts/cm
/cmbx9.pfb></usr/local/texlive/2018/texmf-dist/fonts/type1/public/amsfonts/cm/c
mmi10.pfb></usr/local/texlive/2018/texmf-dist/fonts/type1/public/amsfonts/cm/cm
mi5.pfb></usr/local/texlive/2018/texmf-dist/fonts/type1/public/amsfonts/cm/cmmi
6.pfb></usr/local/texlive/2018/texmf-dist/fonts/type1/public/amsfonts/cm/cmmi7.
pfb></usr/local/texlive/2018/texmf-dist/fonts/type1/public/amsfonts/cm/cmmi8.pf
b></usr/local/texlive/2018/texmf-dist/fonts/type1/public/amsfonts/cm/cmmi9.pfb>
</usr/local/texlive/2018/texmf-dist/fonts/type1/public/amsfonts/cm/cmmib10.pfb>
</usr/local/texlive/2018/texmf-dist/fonts/type1/public/amsfonts/cmextra/cmmib7.
pfb></usr/local/texlive/2018/texmf-dist/fonts/type1/public/amsfonts/cm/cmr10.pf
b></usr/local/texlive/2018/texmf-dist/fonts/type1/public/amsfonts/cm/cmr6.pfb><
/usr/local/texlive/2018/texmf-dist/fonts/type1/public/amsfonts/cm/cmr7.pfb></us
r/local/texlive/2018/texmf-dist/fonts/type1/public/amsfonts/cm/cmr8.pfb></usr/l
ocal/texlive/2018/texmf-dist/fonts/type1/public/amsfonts/cm/cmr9.pfb></usr/loca
l/texlive/2018/texmf-dist/fonts/type1/public/amsfonts/cm/cmsy10.pfb></usr/local
/texlive/2018/texmf-dist/fonts/type1/public/amsfonts/cm/cmsy6.pfb></usr/local/t
exlive/2018/texmf-dist/fonts/type1/public/amsfonts/cm/cmsy7.pfb></usr/local/tex
live/2018/texmf-dist/fonts/type1/public/amsfonts/cm/cmsy9.pfb></usr/local/texli
ve/2018/texmf-dist/fonts/type1/public/cm-super/sfbx0900.pfb></usr/local/texlive
/2018/texmf-dist/fonts/type1/public/cm-super/sfbx1000.pfb></usr/local/texlive/2
018/texmf-dist/fonts/type1/public/cm-super/sfcc0900.pfb></usr/local/texlive/201
8/texmf-dist/fonts/type1/public/cm-super/sfcc1000.pfb></usr/local/texlive/2018/
texmf-dist/fonts/type1/public/cm-super/sfrm0600.pfb></usr/local/texlive/2018/te
xmf-dist/fonts/type1/public/cm-super/sfrm0800.pfb></usr/local/texlive/2018/texm
f-dist/fonts/type1/public/cm-super/sfrm0900.pfb></usr/local/texlive/2018/texmf-
dist/fonts/type1/public/cm-super/sfrm1000.pfb></usr/local/texlive/2018/texmf-di
st/fonts/type1/public/cm-super/sfrm1095.pfb></usr/local/texlive/2018/texmf-dist
/fonts/type1/public/cm-super/sfsi0900.pfb></usr/local/texlive/2018/texmf-dist/f
onts/type1/public/cm-super/sfsi1000.pfb></usr/local/texlive/2018/texmf-dist/fon
ts/type1/public/cm-super/sfsl0900.pfb></usr/local/texlive/2018/texmf-dist/fonts
/type1/public/cm-super/sfsl1000.pfb></usr/local/texlive/2018/texmf-dist/fonts/t
ype1/public/cm-super/sfsx0900.pfb></usr/local/texlive/2018/texmf-dist/fonts/typ
e1/public/cm-super/sfsx1095.pfb></usr/local/texlive/2018/texmf-dist/fonts/type1
/public/cm-super/sfsx1728.pfb></usr/local/texlive/2018/texmf-dist/fonts/type1/p
ublic/cm-super/sfti0800.pfb></usr/local/texlive/2018/texmf-dist/fonts/type1/pub
lic/cm-super/sfti0900.pfb></usr/local/texlive/2018/texmf-dist/fonts/type1/publi
c/cm-super/sfti1000.pfb>
Output written on corks_two.pdf (11 pages, 29538731 bytes).
PDF statistics:
 450 PDF objects out of 1000 (max. 8388607)
 264 compressed objects within 3 object streams
 0 named destinations out of 1000 (max. 500000)
 131 words of extra memory for PDF output out of 10000 (max. 10000000)

